2024-12-20 10:35:34,465 [restartedMain] INFO  com.dobby.mzdict.MzdictApplication(logStarting:50) - Starting MzdictApplication using Java 17.0.12 with PID 27920 (/Users/dobby/Desktop/Workspace/mz-dict-api/build/classes/java/main started by dobby in /Users/dobby/Desktop/Workspace/mz-dict-api)
2024-12-20 10:35:34,467 [restartedMain] INFO  com.dobby.mzdict.MzdictApplication(logStartupProfileInfo:654) - No active profile set, falling back to 1 default profile: "default"
2024-12-20 10:35:34,489 [restartedMain] INFO  org.springframework.boot.devtools.env.DevToolsPropertyDefaultsPostProcessor(logTo:252) - Devtools property defaults active! Set 'spring.devtools.add-properties' to 'false' to disable
2024-12-20 10:35:34,489 [restartedMain] INFO  org.springframework.boot.devtools.env.DevToolsPropertyDefaultsPostProcessor(logTo:252) - For additional web related logging consider setting the 'logging.level.web' property to 'DEBUG'
2024-12-20 10:35:34,976 [restartedMain] INFO  org.springframework.boot.web.embedded.tomcat.TomcatWebServer(initialize:111) - Tomcat initialized with port 8080 (http)
2024-12-20 10:35:34,980 [restartedMain] INFO  org.apache.coyote.http11.Http11NioProtocol(log:173) - Initializing ProtocolHandler ["http-nio-8080"]
2024-12-20 10:35:34,981 [restartedMain] INFO  org.apache.catalina.core.StandardService(log:173) - Starting service [Tomcat]
2024-12-20 10:35:34,981 [restartedMain] INFO  org.apache.catalina.core.StandardEngine(log:173) - Starting Servlet engine: [Apache Tomcat/10.1.30]
2024-12-20 10:35:34,998 [restartedMain] INFO  org.apache.catalina.core.ContainerBase.[Tomcat].[localhost].[/](log:173) - Initializing Spring embedded WebApplicationContext
2024-12-20 10:35:34,998 [restartedMain] INFO  org.springframework.boot.web.servlet.context.ServletWebServerApplicationContext(prepareWebApplicationContext:296) - Root WebApplicationContext: initialization completed in 509 ms
2024-12-20 10:35:35,170 [restartedMain] INFO  org.springframework.security.config.annotation.authentication.configuration.InitializeUserDetailsBeanManagerConfigurer$InitializeUserDetailsManagerConfigurer(configure:113) - Global AuthenticationManager configured with UserDetailsService bean with name customUserDetailService
2024-12-20 10:35:35,223 [restartedMain] INFO  org.springframework.boot.autoconfigure.web.servlet.WelcomePageHandlerMapping(<init>:59) - Adding welcome page: class path resource [static/index.html]
2024-12-20 10:35:35,487 [restartedMain] INFO  org.springframework.boot.devtools.autoconfigure.OptionalLiveReloadServer(startServer:59) - LiveReload server is running on port 35729
2024-12-20 10:35:35,506 [restartedMain] INFO  org.apache.coyote.http11.Http11NioProtocol(log:173) - Starting ProtocolHandler ["http-nio-8080"]
2024-12-20 10:35:35,511 [restartedMain] WARN  org.springframework.boot.web.servlet.context.AnnotationConfigServletWebServerApplicationContext(refresh:633) - Exception encountered during context initialization - cancelling refresh attempt: org.springframework.context.ApplicationContextException: Failed to start bean 'webServerStartStop'
2024-12-20 10:35:35,521 [restartedMain] INFO  org.springframework.boot.autoconfigure.logging.ConditionEvaluationReportLogger(logMessage:82) - 

Error starting ApplicationContext. To display the condition evaluation report re-run your application with 'debug' enabled.
2024-12-20 10:35:35,526 [restartedMain] ERROR org.springframework.boot.diagnostics.LoggingFailureAnalysisReporter(report:40) - 

***************************
APPLICATION FAILED TO START
***************************

Description:

Web server failed to start. Port 8080 was already in use.

Action:

Identify and stop the process that's listening on port 8080 or configure this application to listen on another port.

2024-12-20 10:36:01,658 [restartedMain] INFO  com.dobby.mzdict.MzdictApplication(logStarting:50) - Starting MzdictApplication using Java 17.0.12 with PID 29506 (/Users/dobby/Desktop/Workspace/mz-dict-api/build/classes/java/main started by dobby in /Users/dobby/Desktop/Workspace/mz-dict-api)
2024-12-20 10:36:01,660 [restartedMain] INFO  com.dobby.mzdict.MzdictApplication(logStartupProfileInfo:654) - No active profile set, falling back to 1 default profile: "default"
2024-12-20 10:36:01,674 [restartedMain] INFO  org.springframework.boot.devtools.env.DevToolsPropertyDefaultsPostProcessor(logTo:252) - Devtools property defaults active! Set 'spring.devtools.add-properties' to 'false' to disable
2024-12-20 10:36:01,674 [restartedMain] INFO  org.springframework.boot.devtools.env.DevToolsPropertyDefaultsPostProcessor(logTo:252) - For additional web related logging consider setting the 'logging.level.web' property to 'DEBUG'
2024-12-20 10:36:02,087 [restartedMain] INFO  org.springframework.boot.web.embedded.tomcat.TomcatWebServer(initialize:111) - Tomcat initialized with port 8080 (http)
2024-12-20 10:36:02,093 [restartedMain] INFO  org.apache.coyote.http11.Http11NioProtocol(log:173) - Initializing ProtocolHandler ["http-nio-8080"]
2024-12-20 10:36:02,096 [restartedMain] INFO  org.apache.catalina.core.StandardService(log:173) - Starting service [Tomcat]
2024-12-20 10:36:02,096 [restartedMain] INFO  org.apache.catalina.core.StandardEngine(log:173) - Starting Servlet engine: [Apache Tomcat/10.1.30]
2024-12-20 10:36:02,111 [restartedMain] INFO  org.apache.catalina.core.ContainerBase.[Tomcat].[localhost].[/](log:173) - Initializing Spring embedded WebApplicationContext
2024-12-20 10:36:02,112 [restartedMain] INFO  org.springframework.boot.web.servlet.context.ServletWebServerApplicationContext(prepareWebApplicationContext:296) - Root WebApplicationContext: initialization completed in 437 ms
2024-12-20 10:36:02,276 [restartedMain] INFO  org.springframework.security.config.annotation.authentication.configuration.InitializeUserDetailsBeanManagerConfigurer$InitializeUserDetailsManagerConfigurer(configure:113) - Global AuthenticationManager configured with UserDetailsService bean with name customUserDetailService
2024-12-20 10:36:02,327 [restartedMain] INFO  org.springframework.boot.autoconfigure.web.servlet.WelcomePageHandlerMapping(<init>:59) - Adding welcome page: class path resource [static/index.html]
2024-12-20 10:36:02,568 [restartedMain] INFO  org.springframework.boot.devtools.autoconfigure.OptionalLiveReloadServer(startServer:59) - LiveReload server is running on port 35729
2024-12-20 10:36:02,578 [restartedMain] INFO  org.apache.coyote.http11.Http11NioProtocol(log:173) - Starting ProtocolHandler ["http-nio-8080"]
2024-12-20 10:36:02,585 [restartedMain] INFO  org.springframework.boot.web.embedded.tomcat.TomcatWebServer(start:243) - Tomcat started on port 8080 (http) with context path '/'
2024-12-20 10:36:02,592 [restartedMain] INFO  com.dobby.mzdict.MzdictApplication(logStarted:56) - Started MzdictApplication in 1.044 seconds (process running for 1.355)
2024-12-20 10:38:27,414 [http-nio-8080-exec-1] INFO  org.apache.catalina.core.ContainerBase.[Tomcat].[localhost].[/](log:173) - Initializing Spring DispatcherServlet 'dispatcherServlet'
2024-12-20 10:38:27,415 [http-nio-8080-exec-1] INFO  org.springframework.web.servlet.DispatcherServlet(initServletBean:532) - Initializing Servlet 'dispatcherServlet'
2024-12-20 10:38:27,417 [http-nio-8080-exec-1] INFO  org.springframework.web.servlet.DispatcherServlet(initServletBean:554) - Completed initialization in 2 ms
2024-12-20 10:38:27,917 [http-nio-8080-exec-9] INFO  org.springdoc.api.AbstractOpenApiResource(getOpenApi:401) - Init duration for springdoc-openapi is: 263 ms
