2024-12-20 13:35:11,895 [File Watcher] INFO  org.springframework.boot.devtools.autoconfigure.LocalDevToolsAutoConfiguration$RestartingClassPathChangeChangedEventListener(onApplicationEvent:211) - Restarting due to 1 class path change (0 additions, 0 deletions, 1 modification)
2024-12-20 13:35:11,915 [Thread-5] INFO  org.apache.coyote.http11.Http11NioProtocol(log:173) - Stopping ProtocolHandler ["http-nio-8080"]
2024-12-20 13:35:11,999 [restartedMain] INFO  com.dobby.mzdict.MzdictApplication(logStarting:50) - Starting MzdictApplication using Java 17.0.12 with PID 33453 (/Users/dobby/Desktop/Workspace/mz-dict-api/build/classes/java/main started by dobby in /Users/dobby/Desktop/Workspace/mz-dict-api)
2024-12-20 13:35:11,999 [restartedMain] INFO  com.dobby.mzdict.MzdictApplication(logStartupProfileInfo:654) - No active profile set, falling back to 1 default profile: "default"
2024-12-20 13:35:12,194 [restartedMain] INFO  org.springframework.boot.web.embedded.tomcat.TomcatWebServer(initialize:111) - Tomcat initialized with port 8080 (http)
2024-12-20 13:35:12,195 [restartedMain] INFO  org.apache.coyote.http11.Http11NioProtocol(log:173) - Initializing ProtocolHandler ["http-nio-8080"]
2024-12-20 13:35:12,195 [restartedMain] INFO  org.apache.catalina.core.StandardService(log:173) - Starting service [Tomcat]
2024-12-20 13:35:12,195 [restartedMain] INFO  org.apache.catalina.core.StandardEngine(log:173) - Starting Servlet engine: [Apache Tomcat/10.1.30]
2024-12-20 13:35:12,201 [restartedMain] INFO  org.apache.catalina.core.ContainerBase.[Tomcat].[localhost].[/](log:173) - Initializing Spring embedded WebApplicationContext
2024-12-20 13:35:12,201 [restartedMain] INFO  org.springframework.boot.web.servlet.context.ServletWebServerApplicationContext(prepareWebApplicationContext:296) - Root WebApplicationContext: initialization completed in 201 ms
2024-12-20 13:35:12,294 [restartedMain] INFO  org.springframework.security.config.annotation.authentication.configuration.InitializeUserDetailsBeanManagerConfigurer$InitializeUserDetailsManagerConfigurer(configure:113) - Global AuthenticationManager configured with UserDetailsService bean with name customUserDetailService
2024-12-20 13:35:12,318 [restartedMain] INFO  org.springframework.boot.autoconfigure.web.servlet.WelcomePageHandlerMapping(<init>:59) - Adding welcome page: class path resource [static/index.html]
2024-12-20 13:35:12,457 [restartedMain] INFO  org.springframework.boot.devtools.autoconfigure.OptionalLiveReloadServer(startServer:59) - LiveReload server is running on port 35729
2024-12-20 13:35:12,466 [restartedMain] INFO  org.apache.coyote.http11.Http11NioProtocol(log:173) - Starting ProtocolHandler ["http-nio-8080"]
2024-12-20 13:35:12,467 [restartedMain] INFO  org.springframework.boot.web.embedded.tomcat.TomcatWebServer(start:243) - Tomcat started on port 8080 (http) with context path '/'
2024-12-20 13:35:12,470 [restartedMain] INFO  com.dobby.mzdict.MzdictApplication(logStarted:56) - Started MzdictApplication in 0.501 seconds (process running for 5987.339)
2024-12-20 13:35:12,471 [restartedMain] INFO  org.springframework.boot.devtools.autoconfigure.ConditionEvaluationDeltaLoggingListener(onApplicationEvent:63) - Condition evaluation unchanged
2024-12-20 13:35:13,054 [http-nio-8080-exec-1] INFO  org.apache.catalina.core.ContainerBase.[Tomcat].[localhost].[/](log:173) - Initializing Spring DispatcherServlet 'dispatcherServlet'
2024-12-20 13:35:13,055 [http-nio-8080-exec-1] INFO  org.springframework.web.servlet.DispatcherServlet(initServletBean:532) - Initializing Servlet 'dispatcherServlet'
2024-12-20 13:35:13,058 [http-nio-8080-exec-1] INFO  org.springframework.web.servlet.DispatcherServlet(initServletBean:554) - Completed initialization in 3 ms
2024-12-20 13:35:13,186 [http-nio-8080-exec-1] INFO  com.zaxxer.hikari.HikariDataSource(getConnection:109) - HikariPool-1 - Starting...
2024-12-20 13:35:13,354 [http-nio-8080-exec-1] INFO  com.zaxxer.hikari.pool.HikariPool(checkFailFast:554) - HikariPool-1 - Added connection org.mariadb.jdbc.Connection@56ef11fb
2024-12-20 13:35:13,355 [http-nio-8080-exec-1] INFO  com.zaxxer.hikari.HikariDataSource(getConnection:122) - HikariPool-1 - Start completed.
2024-12-20 13:35:28,434 [File Watcher] INFO  org.springframework.boot.devtools.autoconfigure.LocalDevToolsAutoConfiguration$RestartingClassPathChangeChangedEventListener(onApplicationEvent:211) - Restarting due to 1 class path change (0 additions, 0 deletions, 1 modification)
2024-12-20 13:35:28,439 [Thread-7] INFO  org.apache.coyote.http11.Http11NioProtocol(log:173) - Stopping ProtocolHandler ["http-nio-8080"]
2024-12-20 13:35:28,448 [Thread-7] INFO  com.zaxxer.hikari.HikariDataSource(close:349) - HikariPool-1 - Shutdown initiated...
2024-12-20 13:35:28,489 [Thread-7] INFO  com.zaxxer.hikari.HikariDataSource(close:351) - HikariPool-1 - Shutdown completed.
2024-12-20 13:35:28,545 [restartedMain] INFO  com.dobby.mzdict.MzdictApplication(logStarting:50) - Starting MzdictApplication using Java 17.0.12 with PID 33453 (/Users/dobby/Desktop/Workspace/mz-dict-api/build/classes/java/main started by dobby in /Users/dobby/Desktop/Workspace/mz-dict-api)
2024-12-20 13:35:28,545 [restartedMain] INFO  com.dobby.mzdict.MzdictApplication(logStartupProfileInfo:654) - No active profile set, falling back to 1 default profile: "default"
2024-12-20 13:35:28,684 [restartedMain] INFO  org.springframework.boot.web.embedded.tomcat.TomcatWebServer(initialize:111) - Tomcat initialized with port 8080 (http)
2024-12-20 13:35:28,685 [restartedMain] INFO  org.apache.coyote.http11.Http11NioProtocol(log:173) - Initializing ProtocolHandler ["http-nio-8080"]
2024-12-20 13:35:28,685 [restartedMain] INFO  org.apache.catalina.core.StandardService(log:173) - Starting service [Tomcat]
2024-12-20 13:35:28,685 [restartedMain] INFO  org.apache.catalina.core.StandardEngine(log:173) - Starting Servlet engine: [Apache Tomcat/10.1.30]
2024-12-20 13:35:28,689 [restartedMain] INFO  org.apache.catalina.core.ContainerBase.[Tomcat].[localhost].[/](log:173) - Initializing Spring embedded WebApplicationContext
2024-12-20 13:35:28,690 [restartedMain] INFO  org.springframework.boot.web.servlet.context.ServletWebServerApplicationContext(prepareWebApplicationContext:296) - Root WebApplicationContext: initialization completed in 144 ms
2024-12-20 13:35:28,762 [restartedMain] INFO  org.springframework.security.config.annotation.authentication.configuration.InitializeUserDetailsBeanManagerConfigurer$InitializeUserDetailsManagerConfigurer(configure:113) - Global AuthenticationManager configured with UserDetailsService bean with name customUserDetailService
2024-12-20 13:35:28,780 [restartedMain] INFO  org.springframework.boot.autoconfigure.web.servlet.WelcomePageHandlerMapping(<init>:59) - Adding welcome page: class path resource [static/index.html]
2024-12-20 13:35:28,903 [restartedMain] INFO  org.springframework.boot.devtools.autoconfigure.OptionalLiveReloadServer(startServer:59) - LiveReload server is running on port 35729
2024-12-20 13:35:28,911 [restartedMain] INFO  org.apache.coyote.http11.Http11NioProtocol(log:173) - Starting ProtocolHandler ["http-nio-8080"]
2024-12-20 13:35:28,912 [restartedMain] INFO  org.springframework.boot.web.embedded.tomcat.TomcatWebServer(start:243) - Tomcat started on port 8080 (http) with context path '/'
2024-12-20 13:35:28,915 [restartedMain] INFO  com.dobby.mzdict.MzdictApplication(logStarted:56) - Started MzdictApplication in 0.388 seconds (process running for 6003.784)
2024-12-20 13:35:28,916 [restartedMain] INFO  org.springframework.boot.devtools.autoconfigure.ConditionEvaluationDeltaLoggingListener(onApplicationEvent:63) - Condition evaluation unchanged
2024-12-20 13:35:29,441 [http-nio-8080-exec-1] INFO  org.apache.catalina.core.ContainerBase.[Tomcat].[localhost].[/](log:173) - Initializing Spring DispatcherServlet 'dispatcherServlet'
2024-12-20 13:35:29,442 [http-nio-8080-exec-1] INFO  org.springframework.web.servlet.DispatcherServlet(initServletBean:532) - Initializing Servlet 'dispatcherServlet'
2024-12-20 13:35:29,443 [http-nio-8080-exec-1] INFO  org.springframework.web.servlet.DispatcherServlet(initServletBean:554) - Completed initialization in 1 ms
2024-12-20 13:35:29,550 [http-nio-8080-exec-1] INFO  com.zaxxer.hikari.HikariDataSource(getConnection:109) - HikariPool-2 - Starting...
2024-12-20 13:35:29,715 [http-nio-8080-exec-1] INFO  com.zaxxer.hikari.pool.HikariPool(checkFailFast:554) - HikariPool-2 - Added connection org.mariadb.jdbc.Connection@3609dad4
2024-12-20 13:35:29,715 [http-nio-8080-exec-1] INFO  com.zaxxer.hikari.HikariDataSource(getConnection:122) - HikariPool-2 - Start completed.
2024-12-20 13:35:36,803 [File Watcher] INFO  org.springframework.boot.devtools.autoconfigure.LocalDevToolsAutoConfiguration$RestartingClassPathChangeChangedEventListener(onApplicationEvent:211) - Restarting due to 1 class path change (0 additions, 0 deletions, 1 modification)
2024-12-20 13:35:36,804 [Thread-11] INFO  org.apache.coyote.http11.Http11NioProtocol(log:173) - Stopping ProtocolHandler ["http-nio-8080"]
2024-12-20 13:35:36,893 [http-nio-8080-exec-5] WARN  org.springframework.web.servlet.mvc.support.DefaultHandlerExceptionResolver(logException:247) - Resolved [org.springframework.web.context.request.async.AsyncRequestNotUsableException: ServletOutputStream failed to write: java.nio.channels.ClosedChannelException]
2024-12-20 13:35:36,918 [Thread-11] INFO  com.zaxxer.hikari.HikariDataSource(close:349) - HikariPool-2 - Shutdown initiated...
2024-12-20 13:35:36,953 [Thread-11] INFO  com.zaxxer.hikari.HikariDataSource(close:351) - HikariPool-2 - Shutdown completed.
2024-12-20 13:35:37,003 [restartedMain] INFO  com.dobby.mzdict.MzdictApplication(logStarting:50) - Starting MzdictApplication using Java 17.0.12 with PID 33453 (/Users/dobby/Desktop/Workspace/mz-dict-api/build/classes/java/main started by dobby in /Users/dobby/Desktop/Workspace/mz-dict-api)
2024-12-20 13:35:37,003 [restartedMain] INFO  com.dobby.mzdict.MzdictApplication(logStartupProfileInfo:654) - No active profile set, falling back to 1 default profile: "default"
2024-12-20 13:35:37,138 [restartedMain] INFO  org.springframework.boot.web.embedded.tomcat.TomcatWebServer(initialize:111) - Tomcat initialized with port 8080 (http)
2024-12-20 13:35:37,138 [restartedMain] INFO  org.apache.coyote.http11.Http11NioProtocol(log:173) - Initializing ProtocolHandler ["http-nio-8080"]
2024-12-20 13:35:37,139 [restartedMain] INFO  org.apache.catalina.core.StandardService(log:173) - Starting service [Tomcat]
2024-12-20 13:35:37,139 [restartedMain] INFO  org.apache.catalina.core.StandardEngine(log:173) - Starting Servlet engine: [Apache Tomcat/10.1.30]
2024-12-20 13:35:37,143 [restartedMain] INFO  org.apache.catalina.core.ContainerBase.[Tomcat].[localhost].[/](log:173) - Initializing Spring embedded WebApplicationContext
2024-12-20 13:35:37,143 [restartedMain] INFO  org.springframework.boot.web.servlet.context.ServletWebServerApplicationContext(prepareWebApplicationContext:296) - Root WebApplicationContext: initialization completed in 139 ms
2024-12-20 13:35:37,218 [restartedMain] INFO  org.springframework.security.config.annotation.authentication.configuration.InitializeUserDetailsBeanManagerConfigurer$InitializeUserDetailsManagerConfigurer(configure:113) - Global AuthenticationManager configured with UserDetailsService bean with name customUserDetailService
2024-12-20 13:35:37,237 [restartedMain] INFO  org.springframework.boot.autoconfigure.web.servlet.WelcomePageHandlerMapping(<init>:59) - Adding welcome page: class path resource [static/index.html]
2024-12-20 13:35:37,354 [restartedMain] INFO  org.springframework.boot.devtools.autoconfigure.OptionalLiveReloadServer(startServer:59) - LiveReload server is running on port 35729
2024-12-20 13:35:37,362 [restartedMain] INFO  org.apache.coyote.http11.Http11NioProtocol(log:173) - Starting ProtocolHandler ["http-nio-8080"]
2024-12-20 13:35:37,363 [restartedMain] INFO  org.springframework.boot.web.embedded.tomcat.TomcatWebServer(start:243) - Tomcat started on port 8080 (http) with context path '/'
2024-12-20 13:35:37,366 [restartedMain] INFO  com.dobby.mzdict.MzdictApplication(logStarted:56) - Started MzdictApplication in 0.38 seconds (process running for 6012.235)
2024-12-20 13:35:37,367 [restartedMain] INFO  org.springframework.boot.devtools.autoconfigure.ConditionEvaluationDeltaLoggingListener(onApplicationEvent:63) - Condition evaluation unchanged
2024-12-20 13:35:37,546 [http-nio-8080-exec-1] INFO  org.apache.catalina.core.ContainerBase.[Tomcat].[localhost].[/](log:173) - Initializing Spring DispatcherServlet 'dispatcherServlet'
2024-12-20 13:35:37,547 [http-nio-8080-exec-1] INFO  org.springframework.web.servlet.DispatcherServlet(initServletBean:532) - Initializing Servlet 'dispatcherServlet'
2024-12-20 13:35:37,548 [http-nio-8080-exec-1] INFO  org.springframework.web.servlet.DispatcherServlet(initServletBean:554) - Completed initialization in 1 ms
2024-12-20 13:35:42,366 [http-nio-8080-exec-5] INFO  com.zaxxer.hikari.HikariDataSource(getConnection:109) - HikariPool-3 - Starting...
2024-12-20 13:35:42,450 [http-nio-8080-exec-5] INFO  com.zaxxer.hikari.pool.HikariPool(checkFailFast:554) - HikariPool-3 - Added connection org.mariadb.jdbc.Connection@656b4e3f
2024-12-20 13:35:42,450 [http-nio-8080-exec-5] INFO  com.zaxxer.hikari.HikariDataSource(getConnection:122) - HikariPool-3 - Start completed.
2024-12-20 13:36:23,385 [File Watcher] INFO  org.springframework.boot.devtools.autoconfigure.LocalDevToolsAutoConfiguration$RestartingClassPathChangeChangedEventListener(onApplicationEvent:211) - Restarting due to 1 class path change (0 additions, 0 deletions, 1 modification)
2024-12-20 13:36:23,389 [Thread-15] INFO  org.apache.coyote.http11.Http11NioProtocol(log:173) - Stopping ProtocolHandler ["http-nio-8080"]
2024-12-20 13:36:23,396 [Thread-15] INFO  com.zaxxer.hikari.HikariDataSource(close:349) - HikariPool-3 - Shutdown initiated...
2024-12-20 13:36:23,434 [Thread-15] INFO  com.zaxxer.hikari.HikariDataSource(close:351) - HikariPool-3 - Shutdown completed.
2024-12-20 13:36:23,516 [restartedMain] INFO  com.dobby.mzdict.MzdictApplication(logStarting:50) - Starting MzdictApplication using Java 17.0.12 with PID 33453 (/Users/dobby/Desktop/Workspace/mz-dict-api/build/classes/java/main started by dobby in /Users/dobby/Desktop/Workspace/mz-dict-api)
2024-12-20 13:36:23,516 [restartedMain] INFO  com.dobby.mzdict.MzdictApplication(logStartupProfileInfo:654) - No active profile set, falling back to 1 default profile: "default"
2024-12-20 13:36:23,653 [restartedMain] INFO  org.springframework.boot.web.embedded.tomcat.TomcatWebServer(initialize:111) - Tomcat initialized with port 8080 (http)
2024-12-20 13:36:23,654 [restartedMain] INFO  org.apache.coyote.http11.Http11NioProtocol(log:173) - Initializing ProtocolHandler ["http-nio-8080"]
2024-12-20 13:36:23,654 [restartedMain] INFO  org.apache.catalina.core.StandardService(log:173) - Starting service [Tomcat]
2024-12-20 13:36:23,654 [restartedMain] INFO  org.apache.catalina.core.StandardEngine(log:173) - Starting Servlet engine: [Apache Tomcat/10.1.30]
2024-12-20 13:36:23,659 [restartedMain] INFO  org.apache.catalina.core.ContainerBase.[Tomcat].[localhost].[/](log:173) - Initializing Spring embedded WebApplicationContext
2024-12-20 13:36:23,659 [restartedMain] INFO  org.springframework.boot.web.servlet.context.ServletWebServerApplicationContext(prepareWebApplicationContext:296) - Root WebApplicationContext: initialization completed in 142 ms
2024-12-20 13:36:23,739 [restartedMain] INFO  org.springframework.security.config.annotation.authentication.configuration.InitializeUserDetailsBeanManagerConfigurer$InitializeUserDetailsManagerConfigurer(configure:113) - Global AuthenticationManager configured with UserDetailsService bean with name customUserDetailService
2024-12-20 13:36:23,755 [restartedMain] INFO  org.springframework.boot.autoconfigure.web.servlet.WelcomePageHandlerMapping(<init>:59) - Adding welcome page: class path resource [static/index.html]
2024-12-20 13:36:23,875 [restartedMain] INFO  org.springframework.boot.devtools.autoconfigure.OptionalLiveReloadServer(startServer:59) - LiveReload server is running on port 35729
2024-12-20 13:36:23,884 [restartedMain] INFO  org.apache.coyote.http11.Http11NioProtocol(log:173) - Starting ProtocolHandler ["http-nio-8080"]
2024-12-20 13:36:23,885 [restartedMain] INFO  org.springframework.boot.web.embedded.tomcat.TomcatWebServer(start:243) - Tomcat started on port 8080 (http) with context path '/'
2024-12-20 13:36:23,888 [restartedMain] INFO  com.dobby.mzdict.MzdictApplication(logStarted:56) - Started MzdictApplication in 0.391 seconds (process running for 6058.756)
2024-12-20 13:36:23,889 [restartedMain] INFO  org.springframework.boot.devtools.autoconfigure.ConditionEvaluationDeltaLoggingListener(onApplicationEvent:63) - Condition evaluation unchanged
2024-12-20 13:36:24,715 [http-nio-8080-exec-1] INFO  org.apache.catalina.core.ContainerBase.[Tomcat].[localhost].[/](log:173) - Initializing Spring DispatcherServlet 'dispatcherServlet'
2024-12-20 13:36:24,715 [http-nio-8080-exec-1] INFO  org.springframework.web.servlet.DispatcherServlet(initServletBean:532) - Initializing Servlet 'dispatcherServlet'
2024-12-20 13:36:24,717 [http-nio-8080-exec-1] INFO  org.springframework.web.servlet.DispatcherServlet(initServletBean:554) - Completed initialization in 2 ms
2024-12-20 13:36:24,826 [http-nio-8080-exec-1] INFO  com.zaxxer.hikari.HikariDataSource(getConnection:109) - HikariPool-4 - Starting...
2024-12-20 13:36:24,934 [http-nio-8080-exec-1] INFO  com.zaxxer.hikari.pool.HikariPool(checkFailFast:554) - HikariPool-4 - Added connection org.mariadb.jdbc.Connection@454c9352
2024-12-20 13:36:24,935 [http-nio-8080-exec-1] INFO  com.zaxxer.hikari.HikariDataSource(getConnection:122) - HikariPool-4 - Start completed.
2024-12-20 13:49:12,886 [File Watcher] INFO  org.springframework.boot.devtools.autoconfigure.LocalDevToolsAutoConfiguration$RestartingClassPathChangeChangedEventListener(onApplicationEvent:211) - Restarting due to 1 class path change (0 additions, 0 deletions, 1 modification)
2024-12-20 13:49:12,895 [Thread-19] INFO  org.apache.coyote.http11.Http11NioProtocol(log:173) - Stopping ProtocolHandler ["http-nio-8080"]
2024-12-20 13:49:12,902 [Thread-19] INFO  com.zaxxer.hikari.HikariDataSource(close:349) - HikariPool-4 - Shutdown initiated...
2024-12-20 13:49:12,940 [Thread-19] INFO  com.zaxxer.hikari.HikariDataSource(close:351) - HikariPool-4 - Shutdown completed.
2024-12-20 13:49:12,998 [restartedMain] INFO  com.dobby.mzdict.MzdictApplication(logStarting:50) - Starting MzdictApplication using Java 17.0.12 with PID 33453 (/Users/dobby/Desktop/Workspace/mz-dict-api/build/classes/java/main started by dobby in /Users/dobby/Desktop/Workspace/mz-dict-api)
2024-12-20 13:49:12,998 [restartedMain] INFO  com.dobby.mzdict.MzdictApplication(logStartupProfileInfo:654) - No active profile set, falling back to 1 default profile: "default"
2024-12-20 13:49:13,116 [restartedMain] INFO  org.springframework.boot.web.embedded.tomcat.TomcatWebServer(initialize:111) - Tomcat initialized with port 8080 (http)
2024-12-20 13:49:13,116 [restartedMain] INFO  org.apache.coyote.http11.Http11NioProtocol(log:173) - Initializing ProtocolHandler ["http-nio-8080"]
2024-12-20 13:49:13,116 [restartedMain] INFO  org.apache.catalina.core.StandardService(log:173) - Starting service [Tomcat]
2024-12-20 13:49:13,116 [restartedMain] INFO  org.apache.catalina.core.StandardEngine(log:173) - Starting Servlet engine: [Apache Tomcat/10.1.30]
2024-12-20 13:49:13,120 [restartedMain] INFO  org.apache.catalina.core.ContainerBase.[Tomcat].[localhost].[/](log:173) - Initializing Spring embedded WebApplicationContext
2024-12-20 13:49:13,120 [restartedMain] INFO  org.springframework.boot.web.servlet.context.ServletWebServerApplicationContext(prepareWebApplicationContext:296) - Root WebApplicationContext: initialization completed in 122 ms
2024-12-20 13:49:13,172 [restartedMain] INFO  org.springframework.security.config.annotation.authentication.configuration.InitializeUserDetailsBeanManagerConfigurer$InitializeUserDetailsManagerConfigurer(configure:113) - Global AuthenticationManager configured with UserDetailsService bean with name customUserDetailService
2024-12-20 13:49:13,185 [restartedMain] INFO  org.springframework.boot.autoconfigure.web.servlet.WelcomePageHandlerMapping(<init>:59) - Adding welcome page: class path resource [static/index.html]
2024-12-20 13:49:13,277 [restartedMain] INFO  org.springframework.boot.devtools.autoconfigure.OptionalLiveReloadServer(startServer:59) - LiveReload server is running on port 35729
2024-12-20 13:49:13,283 [restartedMain] INFO  org.apache.coyote.http11.Http11NioProtocol(log:173) - Starting ProtocolHandler ["http-nio-8080"]
2024-12-20 13:49:13,284 [restartedMain] INFO  org.springframework.boot.web.embedded.tomcat.TomcatWebServer(start:243) - Tomcat started on port 8080 (http) with context path '/'
2024-12-20 13:49:13,286 [restartedMain] INFO  com.dobby.mzdict.MzdictApplication(logStarted:56) - Started MzdictApplication in 0.307 seconds (process running for 6828.142)
2024-12-20 13:49:13,287 [restartedMain] INFO  org.springframework.boot.devtools.autoconfigure.ConditionEvaluationDeltaLoggingListener(onApplicationEvent:63) - Condition evaluation unchanged
2024-12-20 13:49:27,847 [http-nio-8080-exec-1] INFO  org.apache.catalina.core.ContainerBase.[Tomcat].[localhost].[/](log:173) - Initializing Spring DispatcherServlet 'dispatcherServlet'
2024-12-20 13:49:27,848 [http-nio-8080-exec-1] INFO  org.springframework.web.servlet.DispatcherServlet(initServletBean:532) - Initializing Servlet 'dispatcherServlet'
2024-12-20 13:49:27,849 [http-nio-8080-exec-1] INFO  org.springframework.web.servlet.DispatcherServlet(initServletBean:554) - Completed initialization in 1 ms
