2025-01-11 06:30:32,009 [restartedMain] INFO  com.dobby.mzdict.MzdictApplication(logStarting:50) - Starting MzdictApplication using Java 17.0.12 with PID 211 (/Users/dobby/Desktop/Workspace/mz-dict-api/build/classes/java/main started by dobby in /Users/dobby/Desktop/Workspace/mz-dict-api)
2025-01-11 06:30:32,013 [restartedMain] INFO  com.dobby.mzdict.MzdictApplication(logStartupProfileInfo:654) - No active profile set, falling back to 1 default profile: "default"
2025-01-11 06:30:32,028 [restartedMain] INFO  org.springframework.boot.devtools.env.DevToolsPropertyDefaultsPostProcessor(logTo:252) - Devtools property defaults active! Set 'spring.devtools.add-properties' to 'false' to disable
2025-01-11 06:30:32,028 [restartedMain] INFO  org.springframework.boot.devtools.env.DevToolsPropertyDefaultsPostProcessor(logTo:252) - For additional web related logging consider setting the 'logging.level.web' property to 'DEBUG'
2025-01-11 06:30:32,531 [restartedMain] INFO  org.springframework.boot.web.embedded.tomcat.TomcatWebServer(initialize:111) - Tomcat initialized with port 8080 (http)
2025-01-11 06:30:32,537 [restartedMain] INFO  org.apache.coyote.http11.Http11NioProtocol(log:173) - Initializing ProtocolHandler ["http-nio-8080"]
2025-01-11 06:30:32,539 [restartedMain] INFO  org.apache.catalina.core.StandardService(log:173) - Starting service [Tomcat]
2025-01-11 06:30:32,539 [restartedMain] INFO  org.apache.catalina.core.StandardEngine(log:173) - Starting Servlet engine: [Apache Tomcat/10.1.30]
2025-01-11 06:30:32,558 [restartedMain] INFO  org.apache.catalina.core.ContainerBase.[Tomcat].[localhost].[/](log:173) - Initializing Spring embedded WebApplicationContext
2025-01-11 06:30:32,558 [restartedMain] INFO  org.springframework.boot.web.servlet.context.ServletWebServerApplicationContext(prepareWebApplicationContext:296) - Root WebApplicationContext: initialization completed in 530 ms
2025-01-11 06:30:32,738 [restartedMain] INFO  org.springframework.security.config.annotation.authentication.configuration.InitializeUserDetailsBeanManagerConfigurer$InitializeUserDetailsManagerConfigurer(configure:113) - Global AuthenticationManager configured with UserDetailsService bean with name customUserDetailService
2025-01-11 06:30:32,798 [restartedMain] INFO  org.springframework.boot.autoconfigure.web.servlet.WelcomePageHandlerMapping(<init>:59) - Adding welcome page: class path resource [static/index.html]
2025-01-11 06:30:33,051 [restartedMain] INFO  org.springframework.boot.devtools.autoconfigure.OptionalLiveReloadServer(startServer:59) - LiveReload server is running on port 35729
2025-01-11 06:30:33,061 [restartedMain] INFO  org.apache.coyote.http11.Http11NioProtocol(log:173) - Starting ProtocolHandler ["http-nio-8080"]
2025-01-11 06:30:33,068 [restartedMain] INFO  org.springframework.boot.web.embedded.tomcat.TomcatWebServer(start:243) - Tomcat started on port 8080 (http) with context path '/'
2025-01-11 06:30:33,074 [restartedMain] INFO  com.dobby.mzdict.MzdictApplication(logStarted:56) - Started MzdictApplication in 1.182 seconds (process running for 1.579)
2025-01-11 06:30:36,671 [http-nio-8080-exec-1] INFO  org.apache.catalina.core.ContainerBase.[Tomcat].[localhost].[/](log:173) - Initializing Spring DispatcherServlet 'dispatcherServlet'
2025-01-11 06:30:36,671 [http-nio-8080-exec-1] INFO  org.springframework.web.servlet.DispatcherServlet(initServletBean:532) - Initializing Servlet 'dispatcherServlet'
2025-01-11 06:30:36,672 [http-nio-8080-exec-1] INFO  org.springframework.web.servlet.DispatcherServlet(initServletBean:554) - Completed initialization in 1 ms
2025-01-11 06:30:37,161 [http-nio-8080-exec-9] INFO  org.springdoc.api.AbstractOpenApiResource(getOpenApi:401) - Init duration for springdoc-openapi is: 246 ms
2025-01-11 06:30:45,355 [http-nio-8080-exec-10] INFO  com.zaxxer.hikari.HikariDataSource(getConnection:109) - HikariPool-1 - Starting...
2025-01-11 06:30:45,779 [http-nio-8080-exec-10] INFO  com.zaxxer.hikari.pool.HikariPool(checkFailFast:554) - HikariPool-1 - Added connection org.mariadb.jdbc.Connection@6e78b4b1
2025-01-11 06:30:45,781 [http-nio-8080-exec-10] INFO  com.zaxxer.hikari.HikariDataSource(getConnection:122) - HikariPool-1 - Start completed.
2025-01-11 06:31:34,482 [SpringApplicationShutdownHook] INFO  com.zaxxer.hikari.HikariDataSource(close:349) - HikariPool-1 - Shutdown initiated...
2025-01-11 06:31:34,517 [SpringApplicationShutdownHook] INFO  com.zaxxer.hikari.HikariDataSource(close:351) - HikariPool-1 - Shutdown completed.
