2024-12-20 14:53:47,790 [File Watcher] INFO  org.springframework.boot.devtools.autoconfigure.LocalDevToolsAutoConfiguration$RestartingClassPathChangeChangedEventListener(onApplicationEvent:211) - Restarting due to 1 class path change (0 additions, 0 deletions, 1 modification)
2024-12-20 14:53:47,806 [Thread-23] INFO  org.apache.coyote.http11.Http11NioProtocol(log:173) - Stopping ProtocolHandler ["http-nio-8080"]
2024-12-20 14:53:47,874 [restartedMain] INFO  com.dobby.mzdict.MzdictApplication(logStarting:50) - Starting MzdictApplication using Java 17.0.12 with PID 33453 (/Users/dobby/Desktop/Workspace/mz-dict-api/build/classes/java/main started by dobby in /Users/dobby/Desktop/Workspace/mz-dict-api)
2024-12-20 14:53:47,874 [restartedMain] INFO  com.dobby.mzdict.MzdictApplication(logStartupProfileInfo:654) - No active profile set, falling back to 1 default profile: "default"
2024-12-20 14:53:47,984 [restartedMain] INFO  org.springframework.boot.web.embedded.tomcat.TomcatWebServer(initialize:111) - Tomcat initialized with port 8080 (http)
2024-12-20 14:53:47,984 [restartedMain] INFO  org.apache.coyote.http11.Http11NioProtocol(log:173) - Initializing ProtocolHandler ["http-nio-8080"]
2024-12-20 14:53:47,984 [restartedMain] INFO  org.apache.catalina.core.StandardService(log:173) - Starting service [Tomcat]
2024-12-20 14:53:47,984 [restartedMain] INFO  org.apache.catalina.core.StandardEngine(log:173) - Starting Servlet engine: [Apache Tomcat/10.1.30]
2024-12-20 14:53:47,987 [restartedMain] INFO  org.apache.catalina.core.ContainerBase.[Tomcat].[localhost].[/](log:173) - Initializing Spring embedded WebApplicationContext
2024-12-20 14:53:47,987 [restartedMain] INFO  org.springframework.boot.web.servlet.context.ServletWebServerApplicationContext(prepareWebApplicationContext:296) - Root WebApplicationContext: initialization completed in 112 ms
2024-12-20 14:53:48,043 [restartedMain] INFO  org.springframework.security.config.annotation.authentication.configuration.InitializeUserDetailsBeanManagerConfigurer$InitializeUserDetailsManagerConfigurer(configure:113) - Global AuthenticationManager configured with UserDetailsService bean with name customUserDetailService
2024-12-20 14:53:48,058 [restartedMain] INFO  org.springframework.boot.autoconfigure.web.servlet.WelcomePageHandlerMapping(<init>:59) - Adding welcome page: class path resource [static/index.html]
2024-12-20 14:53:48,162 [restartedMain] INFO  org.springframework.boot.devtools.autoconfigure.OptionalLiveReloadServer(startServer:59) - LiveReload server is running on port 35729
2024-12-20 14:53:48,169 [restartedMain] INFO  org.apache.coyote.http11.Http11NioProtocol(log:173) - Starting ProtocolHandler ["http-nio-8080"]
2024-12-20 14:53:48,169 [restartedMain] INFO  org.springframework.boot.web.embedded.tomcat.TomcatWebServer(start:243) - Tomcat started on port 8080 (http) with context path '/'
2024-12-20 14:53:48,172 [restartedMain] INFO  com.dobby.mzdict.MzdictApplication(logStarted:56) - Started MzdictApplication in 0.314 seconds (process running for 10703.024)
2024-12-20 14:53:48,172 [restartedMain] INFO  org.springframework.boot.devtools.autoconfigure.ConditionEvaluationDeltaLoggingListener(onApplicationEvent:63) - Condition evaluation unchanged
2024-12-20 14:53:48,632 [http-nio-8080-exec-1] INFO  org.apache.catalina.core.ContainerBase.[Tomcat].[localhost].[/](log:173) - Initializing Spring DispatcherServlet 'dispatcherServlet'
2024-12-20 14:53:48,632 [http-nio-8080-exec-1] INFO  org.springframework.web.servlet.DispatcherServlet(initServletBean:532) - Initializing Servlet 'dispatcherServlet'
2024-12-20 14:53:48,633 [http-nio-8080-exec-1] INFO  org.springframework.web.servlet.DispatcherServlet(initServletBean:554) - Completed initialization in 1 ms
2024-12-20 14:53:56,303 [http-nio-8080-exec-5] INFO  com.zaxxer.hikari.HikariDataSource(getConnection:109) - HikariPool-5 - Starting...
2024-12-20 14:53:56,464 [http-nio-8080-exec-5] INFO  com.zaxxer.hikari.pool.HikariPool(checkFailFast:554) - HikariPool-5 - Added connection org.mariadb.jdbc.Connection@d2cc9bb
2024-12-20 14:53:56,465 [http-nio-8080-exec-5] INFO  com.zaxxer.hikari.HikariDataSource(getConnection:122) - HikariPool-5 - Start completed.
2024-12-20 14:55:56,211 [File Watcher] INFO  org.springframework.boot.devtools.autoconfigure.LocalDevToolsAutoConfiguration$RestartingClassPathChangeChangedEventListener(onApplicationEvent:211) - Restarting due to 1 class path change (0 additions, 0 deletions, 1 modification)
2024-12-20 14:55:56,222 [Thread-27] INFO  org.apache.coyote.http11.Http11NioProtocol(log:173) - Stopping ProtocolHandler ["http-nio-8080"]
2024-12-20 14:55:56,229 [Thread-27] INFO  com.zaxxer.hikari.HikariDataSource(close:349) - HikariPool-5 - Shutdown initiated...
2024-12-20 14:55:56,268 [Thread-27] INFO  com.zaxxer.hikari.HikariDataSource(close:351) - HikariPool-5 - Shutdown completed.
2024-12-20 14:55:56,348 [restartedMain] INFO  com.dobby.mzdict.MzdictApplication(logStarting:50) - Starting MzdictApplication using Java 17.0.12 with PID 33453 (/Users/dobby/Desktop/Workspace/mz-dict-api/build/classes/java/main started by dobby in /Users/dobby/Desktop/Workspace/mz-dict-api)
2024-12-20 14:55:56,349 [restartedMain] INFO  com.dobby.mzdict.MzdictApplication(logStartupProfileInfo:654) - No active profile set, falling back to 1 default profile: "default"
2024-12-20 14:55:56,458 [restartedMain] INFO  org.springframework.boot.web.embedded.tomcat.TomcatWebServer(initialize:111) - Tomcat initialized with port 8080 (http)
2024-12-20 14:55:56,458 [restartedMain] INFO  org.apache.coyote.http11.Http11NioProtocol(log:173) - Initializing ProtocolHandler ["http-nio-8080"]
2024-12-20 14:55:56,458 [restartedMain] INFO  org.apache.catalina.core.StandardService(log:173) - Starting service [Tomcat]
2024-12-20 14:55:56,458 [restartedMain] INFO  org.apache.catalina.core.StandardEngine(log:173) - Starting Servlet engine: [Apache Tomcat/10.1.30]
2024-12-20 14:55:56,461 [restartedMain] INFO  org.apache.catalina.core.ContainerBase.[Tomcat].[localhost].[/](log:173) - Initializing Spring embedded WebApplicationContext
2024-12-20 14:55:56,462 [restartedMain] INFO  org.springframework.boot.web.servlet.context.ServletWebServerApplicationContext(prepareWebApplicationContext:296) - Root WebApplicationContext: initialization completed in 113 ms
2024-12-20 14:55:56,511 [restartedMain] INFO  org.springframework.security.config.annotation.authentication.configuration.InitializeUserDetailsBeanManagerConfigurer$InitializeUserDetailsManagerConfigurer(configure:113) - Global AuthenticationManager configured with UserDetailsService bean with name customUserDetailService
2024-12-20 14:55:56,524 [restartedMain] INFO  org.springframework.boot.autoconfigure.web.servlet.WelcomePageHandlerMapping(<init>:59) - Adding welcome page: class path resource [static/index.html]
2024-12-20 14:55:56,612 [restartedMain] INFO  org.springframework.boot.devtools.autoconfigure.OptionalLiveReloadServer(startServer:59) - LiveReload server is running on port 35729
2024-12-20 14:55:56,619 [restartedMain] INFO  org.apache.coyote.http11.Http11NioProtocol(log:173) - Starting ProtocolHandler ["http-nio-8080"]
2024-12-20 14:55:56,619 [restartedMain] INFO  org.springframework.boot.web.embedded.tomcat.TomcatWebServer(start:243) - Tomcat started on port 8080 (http) with context path '/'
2024-12-20 14:55:56,623 [restartedMain] INFO  com.dobby.mzdict.MzdictApplication(logStarted:56) - Started MzdictApplication in 0.299 seconds (process running for 10831.53)
2024-12-20 14:55:56,623 [restartedMain] INFO  org.springframework.boot.devtools.autoconfigure.ConditionEvaluationDeltaLoggingListener(onApplicationEvent:63) - Condition evaluation unchanged
2024-12-20 14:55:56,869 [http-nio-8080-exec-1] INFO  org.apache.catalina.core.ContainerBase.[Tomcat].[localhost].[/](log:173) - Initializing Spring DispatcherServlet 'dispatcherServlet'
2024-12-20 14:55:56,869 [http-nio-8080-exec-1] INFO  org.springframework.web.servlet.DispatcherServlet(initServletBean:532) - Initializing Servlet 'dispatcherServlet'
2024-12-20 14:55:56,872 [http-nio-8080-exec-1] INFO  org.springframework.web.servlet.DispatcherServlet(initServletBean:554) - Completed initialization in 3 ms
2024-12-20 14:55:57,017 [http-nio-8080-exec-2] INFO  com.zaxxer.hikari.HikariDataSource(getConnection:109) - HikariPool-6 - Starting...
2024-12-20 14:55:57,109 [http-nio-8080-exec-2] INFO  com.zaxxer.hikari.pool.HikariPool(checkFailFast:554) - HikariPool-6 - Added connection org.mariadb.jdbc.Connection@56063b8e
2024-12-20 14:55:57,110 [http-nio-8080-exec-2] INFO  com.zaxxer.hikari.HikariDataSource(getConnection:122) - HikariPool-6 - Start completed.
2024-12-20 14:56:06,597 [http-nio-8080-exec-5] INFO  org.springdoc.api.AbstractOpenApiResource(getOpenApi:401) - Init duration for springdoc-openapi is: 198 ms
